<?xml version="1.0" encoding="UTF-8"?>
<testsuite name="com.adventure.sprint2.S2M4Test" tests="2" skipped="0" failures="0" errors="0" timestamp="2021-12-06T22:25:30" hostname="DESKTOP-38BI8FT" time="0.053">
  <properties/>
  <testcase name="testScene()" classname="com.adventure.sprint2.S2M4Test" time="0.05"/>
  <testcase name="testHole()" classname="com.adventure.sprint2.S2M4Test" time="0.002"/>
  <system-out><![CDATA[Door is now open
]]></system-out>
  <system-err><![CDATA[]]></system-err>
</testsuite>
