<?xml version="1.0" encoding="UTF-8"?>
<testsuite name="com.adventure.sprint3.S3M2Test" tests="3" skipped="0" failures="0" errors="0" timestamp="2021-12-16T17:49:03" hostname="DESKTOP-38BI8FT" time="0.2">
  <properties/>
  <testcase name="testReadFile2()" classname="com.adventure.sprint3.S3M2Test" time="0.151"/>
  <testcase name="testReadFile()" classname="com.adventure.sprint3.S3M2Test" time="0.028"/>
  <testcase name="testCombatSimulator()" classname="com.adventure.sprint3.S3M2Test" time="0.019"/>
  <system-out><![CDATA[the monster has been defeated
the monster has been defeated
the monster has been defeated
the monster has been defeated
the monster has been defeated
the monster has been defeated
]]></system-out>
  <system-err><![CDATA[]]></system-err>
</testsuite>
