<?xml version="1.0" encoding="UTF-8"?>
<testsuite name="com.adventure.sprint2.S2M2Test" tests="10" skipped="0" failures="0" errors="0" timestamp="2021-12-17T17:58:45" hostname="DESKTOP-38BI8FT" time="0.078">
  <properties/>
  <testcase name="testPlayerMovementInvalid()" classname="com.adventure.sprint2.S2M2Test" time="0.052"/>
  <testcase name="testPlayerMovementEast()" classname="com.adventure.sprint2.S2M2Test" time="0.002"/>
  <testcase name="testPlayerMovementWest()" classname="com.adventure.sprint2.S2M2Test" time="0.001"/>
  <testcase name="testInvalidMoveInput()" classname="com.adventure.sprint2.S2M2Test" time="0.001"/>
  <testcase name="testPrompt2()" classname="com.adventure.sprint2.S2M2Test" time="0.007"/>
  <testcase name="checkMoveInputEast()" classname="com.adventure.sprint2.S2M2Test" time="0.001"/>
  <testcase name="checkMoveInputWest()" classname="com.adventure.sprint2.S2M2Test" time="0.001"/>
  <testcase name="testUseInput()" classname="com.adventure.sprint2.S2M2Test" time="0.001"/>
  <testcase name="checkSimpleInput()" classname="com.adventure.sprint2.S2M2Test" time="0.001"/>
  <testcase name="testPrompt()" classname="com.adventure.sprint2.S2M2Test" time="0.002"/>
  <system-out><![CDATA[]]></system-out>
  <system-err><![CDATA[]]></system-err>
</testsuite>
