<?xml version="1.0" encoding="UTF-8"?>
<testsuite name="com.adventure.sprint2.S2M1Test" tests="2" skipped="0" failures="0" errors="0" timestamp="2021-12-01T02:01:29" hostname="DESKTOP-38BI8FT" time="0.073">
  <properties/>
  <testcase name="canOpenDoor()" classname="com.adventure.sprint2.S2M1Test" time="0.066"/>
  <testcase name="setName()" classname="com.adventure.sprint2.S2M1Test" time="0.006"/>
  <system-out><![CDATA[]]></system-out>
  <system-err><![CDATA[]]></system-err>
</testsuite>
