<?xml version="1.0" encoding="UTF-8"?>
<testsuite name="com.adventure.sprint2.S2M2Test" tests="10" skipped="0" failures="0" errors="0" timestamp="2021-12-07T00:24:15" hostname="DESKTOP-38BI8FT" time="0.926">
  <properties/>
  <testcase name="testPlayerMovementInvalid()" classname="com.adventure.sprint2.S2M2Test" time="0.042"/>
  <testcase name="testPlayerMovementEast()" classname="com.adventure.sprint2.S2M2Test" time="0.003"/>
  <testcase name="testPlayerMovementWest()" classname="com.adventure.sprint2.S2M2Test" time="0.001"/>
  <testcase name="testInvalidMoveInput()" classname="com.adventure.sprint2.S2M2Test" time="0.852"/>
  <testcase name="testPrompt2()" classname="com.adventure.sprint2.S2M2Test" time="0.004"/>
  <testcase name="checkMoveInputEast()" classname="com.adventure.sprint2.S2M2Test" time="0.002"/>
  <testcase name="checkMoveInputWest()" classname="com.adventure.sprint2.S2M2Test" time="0.002"/>
  <testcase name="testUseInput()" classname="com.adventure.sprint2.S2M2Test" time="0.009"/>
  <testcase name="checkSimpleInput()" classname="com.adventure.sprint2.S2M2Test" time="0.001"/>
  <testcase name="testPrompt()" classname="com.adventure.sprint2.S2M2Test" time="0.001"/>
  <system-out><![CDATA[]]></system-out>
  <system-err><![CDATA[]]></system-err>
</testsuite>
