<?xml version="1.0" encoding="UTF-8"?>
<testsuite name="com.adventure.sprint3.S3M3Test" tests="7" skipped="0" failures="0" errors="0" timestamp="2021-12-16T17:27:31" hostname="DESKTOP-38BI8FT" time="7.163">
  <properties/>
  <testcase name="testOmniDoorKey()" classname="com.adventure.sprint3.S3M3Test" time="0.163"/>
  <testcase name="testPrintItemsCommand()" classname="com.adventure.sprint3.S3M3Test" time="6.802"/>
  <testcase name="testBackpackAddRemoveItem()" classname="com.adventure.sprint3.S3M3Test" time="0.036"/>
  <testcase name="testBackpackLimit()" classname="com.adventure.sprint3.S3M3Test" time="0.004"/>
  <testcase name="testBackpackViaPlayer()" classname="com.adventure.sprint3.S3M3Test" time="0.154"/>
  <testcase name="testPrintBackpack()" classname="com.adventure.sprint3.S3M3Test" time="0.0"/>
  <testcase name="testOmniDoorRandomGeneration()" classname="com.adventure.sprint3.S3M3Test" time="0.001"/>
  <system-out><![CDATA[]]></system-out>
  <system-err><![CDATA[]]></system-err>
</testsuite>
